<?xml version="1.0" encoding="UTF-8"?>
<coverage generated="1777122719252" clover="3.2.0">
  <project timestamp="1777122719252" name="All files">
    <metrics statements="24" coveredstatements="24" conditionals="16" coveredconditionals="16" methods="7" coveredmethods="7" elements="47" coveredelements="47" complexity="0" loc="24" ncloc="24" packages="1" files="1" classes="1"/>
    <file name="index.js" path="F:\.COURS\QUALIMETRIE\projet\SmartHotel\index.js">
      <metrics statements="24" coveredstatements="24" conditionals="16" coveredconditionals="16" methods="7" coveredmethods="7"/>
      <line num="1" count="1" type="stmt"/>
      <line num="2" count="1" type="stmt"/>
      <line num="3" count="1" type="stmt"/>
      <line num="7" count="13" type="cond" truecount="2" falsecount="0"/>
      <line num="11" count="13" type="cond" truecount="2" falsecount="0"/>
      <line num="15" count="13" type="cond" truecount="2" falsecount="0"/>
      <line num="20" count="13" type="stmt"/>
      <line num="21" count="13" type="stmt"/>
      <line num="22" count="13" type="stmt"/>
      <line num="23" count="13" type="stmt"/>
      <line num="24" count="13" type="stmt"/>
      <line num="25" count="13" type="stmt"/>
      <line num="26" count="13" type="cond" truecount="2" falsecount="0"/>
      <line num="27" count="13" type="cond" truecount="4" falsecount="0"/>
      <line num="28" count="13" type="stmt"/>
      <line num="32" count="1" type="stmt"/>
      <line num="33" count="9" type="stmt"/>
      <line num="34" count="9" type="cond" truecount="4" falsecount="0"/>
      <line num="35" count="1" type="stmt"/>
      <line num="37" count="8" type="stmt"/>
      <line num="38" count="8" type="stmt"/>
      <line num="41" count="1" type="stmt"/>
      <line num="42" count="1" type="stmt"/>
      <line num="50" count="1" type="stmt"/>
    </file>
  </project>
</coverage>
