{"F:\\.COURS\\QUALIMETRIE\\projet\\SmartHotel\\index.js": {"path":"F:\\.COURS\\QUALIMETRIE\\projet\\SmartHotel\\index.js","statementMap":{"0":{"start":{"line":1,"column":16},"end":{"line":1,"column":34}},"1":{"start":{"line":2,"column":12},"end":{"line":2,"column":21}},"2":{"start":{"line":3,"column":0},"end":{"line":3,"column":24}},"3":{"start":{"line":7,"column":2},"end":{"line":7,"column":50}},"4":{"start":{"line":11,"column":2},"end":{"line":11,"column":42}},"5":{"start":{"line":15,"column":2},"end":{"line":15,"column":43}},"6":{"start":{"line":20,"column":79},"end":{"line":20,"column":83}},"7":{"start":{"line":22,"column":22},"end":{"line":22,"column":31}},"8":{"start":{"line":23,"column":2},"end":{"line":23,"column":53}},"9":{"start":{"line":24,"column":2},"end":{"line":24,"column":58}},"10":{"start":{"line":25,"column":2},"end":{"line":25,"column":55}},"11":{"start":{"line":27,"column":14},"end":{"line":27,"column":36}},"12":{"start":{"line":29,"column":2},"end":{"line":29,"column":39}},"13":{"start":{"line":29,"column":18},"end":{"line":29,"column":39}},"14":{"start":{"line":30,"column":2},"end":{"line":30,"column":58}},"15":{"start":{"line":30,"column":28},"end":{"line":30,"column":58}},"16":{"start":{"line":32,"column":2},"end":{"line":32,"column":39}},"17":{"start":{"line":36,"column":0},"end":{"line":43,"column":3}},"18":{"start":{"line":37,"column":32},"end":{"line":37,"column":40}},"19":{"start":{"line":38,"column":2},"end":{"line":40,"column":3}},"20":{"start":{"line":39,"column":4},"end":{"line":39,"column":73}},"21":{"start":{"line":41,"column":16},"end":{"line":41,"column":40}},"22":{"start":{"line":42,"column":2},"end":{"line":42,"column":22}},"23":{"start":{"line":45,"column":0},"end":{"line":45,"column":55}},"24":{"start":{"line":45,"column":27},"end":{"line":45,"column":53}},"25":{"start":{"line":46,"column":0},"end":{"line":46,"column":61}},"26":{"start":{"line":46,"column":33},"end":{"line":46,"column":59}},"27":{"start":{"line":54,"column":0},"end":{"line":54,"column":41}}},"fnMap":{"0":{"name":"applySeason","decl":{"start":{"line":6,"column":9},"end":{"line":6,"column":20}},"loc":{"start":{"line":6,"column":36},"end":{"line":8,"column":1}},"line":6},"1":{"name":"applyWeekend","decl":{"start":{"line":10,"column":9},"end":{"line":10,"column":21}},"loc":{"start":{"line":10,"column":41},"end":{"line":12,"column":1}},"line":10},"2":{"name":"applyLongStay","decl":{"start":{"line":14,"column":9},"end":{"line":14,"column":22}},"loc":{"start":{"line":14,"column":38},"end":{"line":16,"column":1}},"line":14},"3":{"name":"calculatePrice","decl":{"start":{"line":19,"column":9},"end":{"line":19,"column":23}},"loc":{"start":{"line":19,"column":30},"end":{"line":33,"column":1}},"line":19},"4":{"name":"(anonymous_4)","decl":{"start":{"line":36,"column":27},"end":{"line":36,"column":28}},"loc":{"start":{"line":36,"column":41},"end":{"line":43,"column":1}},"line":36},"5":{"name":"(anonymous_5)","decl":{"start":{"line":45,"column":13},"end":{"line":45,"column":14}},"loc":{"start":{"line":45,"column":27},"end":{"line":45,"column":53}},"line":45},"6":{"name":"(anonymous_6)","decl":{"start":{"line":46,"column":19},"end":{"line":46,"column":20}},"loc":{"start":{"line":46,"column":33},"end":{"line":46,"column":59}},"line":46}},"branchMap":{"0":{"loc":{"start":{"line":7,"column":9},"end":{"line":7,"column":49}},"type":"cond-expr","locations":[{"start":{"line":7,"column":30},"end":{"line":7,"column":41}},{"start":{"line":7,"column":44},"end":{"line":7,"column":49}}],"line":7},"1":{"loc":{"start":{"line":11,"column":9},"end":{"line":11,"column":41}},"type":"cond-expr","locations":[{"start":{"line":11,"column":22},"end":{"line":11,"column":33}},{"start":{"line":11,"column":36},"end":{"line":11,"column":41}}],"line":11},"2":{"loc":{"start":{"line":15,"column":9},"end":{"line":15,"column":42}},"type":"cond-expr","locations":[{"start":{"line":15,"column":22},"end":{"line":15,"column":34}},{"start":{"line":15,"column":37},"end":{"line":15,"column":42}}],"line":15},"3":{"loc":{"start":{"line":29,"column":2},"end":{"line":29,"column":39}},"type":"if","locations":[{"start":{"line":29,"column":2},"end":{"line":29,"column":39}},{"start":{},"end":{}}],"line":29},"4":{"loc":{"start":{"line":30,"column":2},"end":{"line":30,"column":58}},"type":"if","locations":[{"start":{"line":30,"column":2},"end":{"line":30,"column":58}},{"start":{},"end":{}}],"line":30},"5":{"loc":{"start":{"line":30,"column":6},"end":{"line":30,"column":26}},"type":"binary-expr","locations":[{"start":{"line":30,"column":6},"end":{"line":30,"column":12}},{"start":{"line":30,"column":16},"end":{"line":30,"column":26}}],"line":30},"6":{"loc":{"start":{"line":38,"column":2},"end":{"line":40,"column":3}},"type":"if","locations":[{"start":{"line":38,"column":2},"end":{"line":40,"column":3}},{"start":{},"end":{}}],"line":38},"7":{"loc":{"start":{"line":38,"column":6},"end":{"line":38,"column":27}},"type":"binary-expr","locations":[{"start":{"line":38,"column":6},"end":{"line":38,"column":16}},{"start":{"line":38,"column":20},"end":{"line":38,"column":27}}],"line":38}},"s":{"0":1,"1":1,"2":1,"3":13,"4":13,"5":13,"6":13,"7":13,"8":13,"9":13,"10":13,"11":13,"12":13,"13":2,"14":13,"15":2,"16":13,"17":1,"18":9,"19":9,"20":1,"21":8,"22":8,"23":1,"24":1,"25":1,"26":1,"27":1},"f":{"0":13,"1":13,"2":13,"3":13,"4":9,"5":1,"6":1},"b":{"0":[3,10],"1":[3,10],"2":[2,11],"3":[2,11],"4":[2,11],"5":[13,12],"6":[1,8],"7":[9,8]},"_coverageSchema":"1a1c01bbd47fc00a2c39e90264f33305004495a9","hash":"2be0637c044e4ffb2210c4757f8f2ffc8ce2f544"}
}
