{"F:\\.COURS\\QUALIMETRIE\\projet\\SmartHotel\\index.js": {"path":"F:\\.COURS\\QUALIMETRIE\\projet\\SmartHotel\\index.js","statementMap":{"0":{"start":{"line":1,"column":16},"end":{"line":1,"column":34}},"1":{"start":{"line":2,"column":12},"end":{"line":2,"column":21}},"2":{"start":{"line":3,"column":0},"end":{"line":3,"column":24}},"3":{"start":{"line":9,"column":2},"end":{"line":9,"column":58}},"4":{"start":{"line":14,"column":2},"end":{"line":14,"column":42}},"5":{"start":{"line":19,"column":2},"end":{"line":19,"column":43}},"6":{"start":{"line":24,"column":2},"end":{"line":24,"column":50}},"7":{"start":{"line":29,"column":2},"end":{"line":29,"column":42}},"8":{"start":{"line":29,"column":29},"end":{"line":29,"column":42}},"9":{"start":{"line":30,"column":2},"end":{"line":30,"column":40}},"10":{"start":{"line":35,"column":79},"end":{"line":35,"column":83}},"11":{"start":{"line":37,"column":22},"end":{"line":37,"column":31}},"12":{"start":{"line":39,"column":2},"end":{"line":39,"column":53}},"13":{"start":{"line":40,"column":2},"end":{"line":40,"column":58}},"14":{"start":{"line":41,"column":2},"end":{"line":41,"column":63}},"15":{"start":{"line":43,"column":14},"end":{"line":43,"column":36}},"16":{"start":{"line":45,"column":2},"end":{"line":47,"column":3}},"17":{"start":{"line":46,"column":4},"end":{"line":46,"column":25}},"18":{"start":{"line":49,"column":2},"end":{"line":51,"column":3}},"19":{"start":{"line":50,"column":4},"end":{"line":50,"column":34}},"20":{"start":{"line":53,"column":2},"end":{"line":53,"column":39}},"21":{"start":{"line":58,"column":0},"end":{"line":67,"column":3}},"22":{"start":{"line":59,"column":60},"end":{"line":59,"column":68}},"23":{"start":{"line":61,"column":2},"end":{"line":63,"column":3}},"24":{"start":{"line":62,"column":4},"end":{"line":62,"column":73}},"25":{"start":{"line":65,"column":16},"end":{"line":65,"column":40}},"26":{"start":{"line":66,"column":2},"end":{"line":66,"column":22}},"27":{"start":{"line":69,"column":0},"end":{"line":69,"column":55}},"28":{"start":{"line":69,"column":27},"end":{"line":69,"column":53}},"29":{"start":{"line":70,"column":0},"end":{"line":70,"column":61}},"30":{"start":{"line":70,"column":33},"end":{"line":70,"column":59}},"31":{"start":{"line":73,"column":0},"end":{"line":75,"column":1}},"32":{"start":{"line":74,"column":2},"end":{"line":74,"column":69}},"33":{"start":{"line":74,"column":25},"end":{"line":74,"column":67}},"34":{"start":{"line":77,"column":0},"end":{"line":77,"column":41}}},"fnMap":{"0":{"name":"applySeason","decl":{"start":{"line":8,"column":9},"end":{"line":8,"column":20}},"loc":{"start":{"line":8,"column":40},"end":{"line":10,"column":1}},"line":8},"1":{"name":"applyWeekend","decl":{"start":{"line":13,"column":9},"end":{"line":13,"column":21}},"loc":{"start":{"line":13,"column":41},"end":{"line":15,"column":1}},"line":13},"2":{"name":"applyLongStayDiscount","decl":{"start":{"line":18,"column":9},"end":{"line":18,"column":30}},"loc":{"start":{"line":18,"column":46},"end":{"line":20,"column":1}},"line":18},"3":{"name":"addSeaView","decl":{"start":{"line":23,"column":9},"end":{"line":23,"column":19}},"loc":{"start":{"line":23,"column":47},"end":{"line":25,"column":1}},"line":23},"4":{"name":"addBreakfast","decl":{"start":{"line":28,"column":9},"end":{"line":28,"column":21}},"loc":{"start":{"line":28,"column":52},"end":{"line":31,"column":1}},"line":28},"5":{"name":"calculatePrice","decl":{"start":{"line":34,"column":9},"end":{"line":34,"column":23}},"loc":{"start":{"line":34,"column":30},"end":{"line":54,"column":1}},"line":34},"6":{"name":"(anonymous_6)","decl":{"start":{"line":58,"column":27},"end":{"line":58,"column":28}},"loc":{"start":{"line":58,"column":41},"end":{"line":67,"column":1}},"line":58},"7":{"name":"(anonymous_7)","decl":{"start":{"line":69,"column":13},"end":{"line":69,"column":14}},"loc":{"start":{"line":69,"column":27},"end":{"line":69,"column":53}},"line":69},"8":{"name":"(anonymous_8)","decl":{"start":{"line":70,"column":19},"end":{"line":70,"column":20}},"loc":{"start":{"line":70,"column":33},"end":{"line":70,"column":59}},"line":70},"9":{"name":"(anonymous_9)","decl":{"start":{"line":74,"column":19},"end":{"line":74,"column":20}},"loc":{"start":{"line":74,"column":25},"end":{"line":74,"column":67}},"line":74}},"branchMap":{"0":{"loc":{"start":{"line":9,"column":9},"end":{"line":9,"column":57}},"type":"cond-expr","locations":[{"start":{"line":9,"column":30},"end":{"line":9,"column":45}},{"start":{"line":9,"column":48},"end":{"line":9,"column":57}}],"line":9},"1":{"loc":{"start":{"line":14,"column":9},"end":{"line":14,"column":41}},"type":"cond-expr","locations":[{"start":{"line":14,"column":22},"end":{"line":14,"column":33}},{"start":{"line":14,"column":36},"end":{"line":14,"column":41}}],"line":14},"2":{"loc":{"start":{"line":19,"column":9},"end":{"line":19,"column":42}},"type":"cond-expr","locations":[{"start":{"line":19,"column":22},"end":{"line":19,"column":34}},{"start":{"line":19,"column":37},"end":{"line":19,"column":42}}],"line":19},"3":{"loc":{"start":{"line":24,"column":9},"end":{"line":24,"column":49}},"type":"cond-expr","locations":[{"start":{"line":24,"column":22},"end":{"line":24,"column":41}},{"start":{"line":24,"column":44},"end":{"line":24,"column":49}}],"line":24},"4":{"loc":{"start":{"line":29,"column":2},"end":{"line":29,"column":42}},"type":"if","locations":[{"start":{"line":29,"column":2},"end":{"line":29,"column":42}},{"start":{},"end":{}}],"line":29},"5":{"loc":{"start":{"line":29,"column":6},"end":{"line":29,"column":27}},"type":"binary-expr","locations":[{"start":{"line":29,"column":6},"end":{"line":29,"column":11}},{"start":{"line":29,"column":15},"end":{"line":29,"column":27}}],"line":29},"6":{"loc":{"start":{"line":45,"column":2},"end":{"line":47,"column":3}},"type":"if","locations":[{"start":{"line":45,"column":2},"end":{"line":47,"column":3}},{"start":{},"end":{}}],"line":45},"7":{"loc":{"start":{"line":49,"column":2},"end":{"line":51,"column":3}},"type":"if","locations":[{"start":{"line":49,"column":2},"end":{"line":51,"column":3}},{"start":{},"end":{}}],"line":49},"8":{"loc":{"start":{"line":49,"column":6},"end":{"line":49,"column":26}},"type":"binary-expr","locations":[{"start":{"line":49,"column":6},"end":{"line":49,"column":12}},{"start":{"line":49,"column":16},"end":{"line":49,"column":26}}],"line":49},"9":{"loc":{"start":{"line":61,"column":2},"end":{"line":63,"column":3}},"type":"if","locations":[{"start":{"line":61,"column":2},"end":{"line":63,"column":3}},{"start":{},"end":{}}],"line":61},"10":{"loc":{"start":{"line":61,"column":6},"end":{"line":61,"column":27}},"type":"binary-expr","locations":[{"start":{"line":61,"column":6},"end":{"line":61,"column":16}},{"start":{"line":61,"column":20},"end":{"line":61,"column":27}}],"line":61},"11":{"loc":{"start":{"line":73,"column":0},"end":{"line":75,"column":1}},"type":"if","locations":[{"start":{"line":73,"column":0},"end":{"line":75,"column":1}},{"start":{},"end":{}}],"line":73}},"s":{"0":1,"1":1,"2":1,"3":8,"4":8,"5":8,"6":0,"7":0,"8":0,"9":0,"10":8,"11":8,"12":8,"13":8,"14":8,"15":8,"16":8,"17":2,"18":8,"19":2,"20":8,"21":1,"22":8,"23":8,"24":0,"25":8,"26":8,"27":1,"28":0,"29":1,"30":0,"31":1,"32":0,"33":0,"34":1},"f":{"0":8,"1":8,"2":8,"3":0,"4":0,"5":8,"6":8,"7":0,"8":0,"9":0},"b":{"0":[2,6],"1":[2,6],"2":[1,7],"3":[0,0],"4":[0,0],"5":[0,0],"6":[2,6],"7":[2,6],"8":[8,7],"9":[0,8],"10":[8,8],"11":[0,1]},"_coverageSchema":"1a1c01bbd47fc00a2c39e90264f33305004495a9","hash":"0b7898717b64ccd72851d6585ea8f64130d009ad"}
}
