TN:
SF:index.js
FN:4,(anonymous_0)
FN:7,calculer
FN:56,(anonymous_2)
FN:77,(anonymous_3)
FN:81,(anonymous_4)
FN:86,(anonymous_5)
FNF:6
FNH:4
FNDA:1,(anonymous_0)
FNDA:8,calculer
FNDA:8,(anonymous_2)
FNDA:0,(anonymous_3)
FNDA:0,(anonymous_4)
FNDA:8,(anonymous_5)
DA:1,1
DA:2,1
DA:3,1
DA:4,1
DA:8,8
DA:9,8
DA:10,8
DA:11,8
DA:12,0
DA:13,0
DA:14,0
DA:15,0
DA:16,0
DA:17,0
DA:18,0
DA:19,0
DA:22,0
DA:23,0
DA:25,0
DA:29,0
DA:30,0
DA:34,0
DA:35,0
DA:39,0
DA:40,0
DA:44,0
DA:47,0
DA:48,0
DA:52,0
DA:56,1
DA:57,8
DA:58,8
DA:61,8
DA:62,0
DA:66,8
DA:69,0
DA:70,0
DA:73,0
DA:77,1
DA:78,0
DA:81,1
DA:82,0
DA:86,1
DA:87,8
DA:90,1
LF:45
LH:18
BRDA:11,0,0,8
BRDA:11,0,1,0
BRDA:12,1,0,0
BRDA:12,1,1,0
BRDA:14,2,0,0
BRDA:14,2,1,0
BRDA:15,3,0,0
BRDA:15,3,1,0
BRDA:16,4,0,0
BRDA:16,4,1,0
BRDA:17,5,0,0
BRDA:17,5,1,0
BRDA:22,6,0,0
BRDA:22,6,1,0
BRDA:29,7,0,0
BRDA:29,7,1,0
BRDA:34,8,0,0
BRDA:34,8,1,0
BRDA:39,9,0,0
BRDA:39,9,1,0
BRDA:44,10,0,0
BRDA:44,10,1,0
BRDA:47,11,0,0
BRDA:47,11,1,0
BRDA:61,12,0,0
BRDA:61,12,1,8
BRDA:69,13,0,0
BRDA:69,13,1,0
BRF:28
BRH:2
end_of_record
