TN:
SF:index.js
FN:6,applySeason
FN:10,applyWeekend
FN:14,applyLongStay
FN:18,applySeaView
FN:22,applyBreakfast
FN:29,calculatePrice
FN:40,(anonymous_6)
FN:48,(anonymous_7)
FN:49,(anonymous_8)
FNF:9
FNH:9
FNDA:13,applySeason
FNDA:13,applyWeekend
FNDA:13,applyLongStay
FNDA:13,applySeaView
FNDA:13,applyBreakfast
FNDA:13,calculatePrice
FNDA:9,(anonymous_6)
FNDA:1,(anonymous_7)
FNDA:1,(anonymous_8)
DA:1,1
DA:2,1
DA:3,1
DA:7,13
DA:11,13
DA:15,13
DA:19,13
DA:23,13
DA:24,12
DA:25,2
DA:30,13
DA:31,13
DA:32,13
DA:33,13
DA:34,13
DA:35,13
DA:36,13
DA:40,1
DA:41,9
DA:42,9
DA:43,1
DA:45,8
DA:48,1
DA:49,1
DA:56,1
LF:25
LH:25
BRDA:7,0,0,3
BRDA:7,0,1,10
BRDA:11,1,0,3
BRDA:11,1,1,10
BRDA:15,2,0,2
BRDA:15,2,1,11
BRDA:19,3,0,2
BRDA:19,3,1,11
BRDA:23,4,0,1
BRDA:23,4,1,12
BRDA:24,5,0,10
BRDA:24,5,1,2
BRDA:42,6,0,1
BRDA:42,6,1,8
BRDA:42,7,0,9
BRDA:42,7,1,8
BRF:16
BRH:16
end_of_record
